<?xml version="1.0" encoding="UTF-8"?>
<!-- Generated by org.testng.reporters.JUnitXMLReporter -->
<testsuite ignored="0" hostname="WIN-251I7G81T1F" failures="1" tests="1" name="Test" time="21.323" errors="0" timestamp="2024-09-05T13:22:54 BST">
  <testcase classname="testCases.TC007_AddToCartTest" name="addtocartTest" time="15.547">
    <failure type="java.lang.AssertionError" message="null">
      <![CDATA[java.lang.AssertionError: null
at testCases.TC007_AddToCartTest.addtocartTest(TC007_AddToCartTest.java:66)
at java.base/java.util.ArrayList.forEach(ArrayList.java:1597)
... Removed 27 stack frames]]>
    </failure>
  </testcase> <!-- addtocartTest -->
</testsuite> <!-- Test -->
